2024-12-06T00:58:57.873+04:00  INFO 33592 --- [bookApiLast] [restartedMain] o.e.b.BookApiLastApplicationKt           : Starting BookApiLastApplicationKt using Java 21.0.1 with PID 33592 (C:\Users\User\IntelijProject\bookApiLast\build\classes\kotlin\main started by User in C:\Users\User\IntelijProject\bookApiLast)
2024-12-06T00:58:57.875+04:00 DEBUG 33592 --- [bookApiLast] [restartedMain] o.e.b.BookApiLastApplicationKt           : Running with Spring Boot v3.4.0, Spring v6.2.0
2024-12-06T00:58:57.875+04:00  INFO 33592 --- [bookApiLast] [restartedMain] o.e.b.BookApiLastApplicationKt           : No active profile set, falling back to 1 default profile: "default"
2024-12-06T00:58:57.920+04:00  INFO 33592 --- [bookApiLast] [restartedMain] .e.DevToolsPropertyDefaultsPostProcessor : Devtools property defaults active! Set 'spring.devtools.add-properties' to 'false' to disable
2024-12-06T00:58:57.921+04:00  INFO 33592 --- [bookApiLast] [restartedMain] .e.DevToolsPropertyDefaultsPostProcessor : For additional web related logging consider setting the 'logging.level.web' property to 'DEBUG'
2024-12-06T00:58:58.476+04:00  INFO 33592 --- [bookApiLast] [restartedMain] .s.d.r.c.RepositoryConfigurationDelegate : Bootstrapping Spring Data JPA repositories in DEFAULT mode.
2024-12-06T00:58:58.524+04:00  INFO 33592 --- [bookApiLast] [restartedMain] .s.d.r.c.RepositoryConfigurationDelegate : Finished Spring Data repository scanning in 40 ms. Found 1 JPA repository interface.
2024-12-06T00:58:58.972+04:00  INFO 33592 --- [bookApiLast] [restartedMain] o.s.b.w.embedded.tomcat.TomcatWebServer  : Tomcat initialized with port 8080 (http)
2024-12-06T00:58:58.983+04:00  INFO 33592 --- [bookApiLast] [restartedMain] o.apache.catalina.core.StandardService   : Starting service [Tomcat]
2024-12-06T00:58:58.983+04:00  INFO 33592 --- [bookApiLast] [restartedMain] o.apache.catalina.core.StandardEngine    : Starting Servlet engine: [Apache Tomcat/10.1.33]
2024-12-06T00:58:59.021+04:00  INFO 33592 --- [bookApiLast] [restartedMain] o.a.c.c.C.[Tomcat].[localhost].[/]       : Initializing Spring embedded WebApplicationContext
2024-12-06T00:58:59.022+04:00  INFO 33592 --- [bookApiLast] [restartedMain] w.s.c.ServletWebServerApplicationContext : Root WebApplicationContext: initialization completed in 1101 ms
2024-12-06T00:58:59.143+04:00  INFO 33592 --- [bookApiLast] [restartedMain] o.hibernate.jpa.internal.util.LogHelper  : HHH000204: Processing PersistenceUnitInfo [name: default]
2024-12-06T00:58:59.208+04:00  INFO 33592 --- [bookApiLast] [restartedMain] org.hibernate.Version                    : HHH000412: Hibernate ORM core version 6.6.2.Final
2024-12-06T00:58:59.243+04:00  INFO 33592 --- [bookApiLast] [restartedMain] o.h.c.internal.RegionFactoryInitiator    : HHH000026: Second-level cache disabled
2024-12-06T00:58:59.500+04:00  INFO 33592 --- [bookApiLast] [restartedMain] o.s.o.j.p.SpringPersistenceUnitInfo      : No LoadTimeWeaver setup: ignoring JPA class transformer
2024-12-06T00:58:59.526+04:00  INFO 33592 --- [bookApiLast] [restartedMain] com.zaxxer.hikari.HikariDataSource       : HikariPool-1 - Starting...
2024-12-06T00:58:59.675+04:00  INFO 33592 --- [bookApiLast] [restartedMain] com.zaxxer.hikari.pool.HikariPool        : HikariPool-1 - Added connection org.postgresql.jdbc.PgConnection@610910e1
2024-12-06T00:58:59.677+04:00  INFO 33592 --- [bookApiLast] [restartedMain] com.zaxxer.hikari.HikariDataSource       : HikariPool-1 - Start completed.
2024-12-06T00:58:59.758+04:00  INFO 33592 --- [bookApiLast] [restartedMain] org.hibernate.orm.connections.pooling    : HHH10001005: Database info:
	Database JDBC URL [Connecting through datasource 'HikariDataSource (HikariPool-1)']
	Database driver: undefined/unknown
	Database version: 17.2
	Autocommit mode: undefined/unknown
	Isolation level: undefined/unknown
	Minimum pool size: undefined/unknown
	Maximum pool size: undefined/unknown
2024-12-06T00:59:00.481+04:00  INFO 33592 --- [bookApiLast] [restartedMain] o.h.e.t.j.p.i.JtaPlatformInitiator       : HHH000489: No JTA platform available (set 'hibernate.transaction.jta.platform' to enable JTA platform integration)
2024-12-06T00:59:00.554+04:00  INFO 33592 --- [bookApiLast] [restartedMain] j.LocalContainerEntityManagerFactoryBean : Initialized JPA EntityManagerFactory for persistence unit 'default'
2024-12-06T00:59:01.031+04:00  WARN 33592 --- [bookApiLast] [restartedMain] JpaBaseConfiguration$JpaWebConfiguration : spring.jpa.open-in-view is enabled by default. Therefore, database queries may be performed during view rendering. Explicitly configure spring.jpa.open-in-view to disable this warning
2024-12-06T00:59:01.301+04:00  INFO 33592 --- [bookApiLast] [restartedMain] o.s.b.d.a.OptionalLiveReloadServer       : LiveReload server is running on port 35729
2024-12-06T00:59:01.331+04:00  INFO 33592 --- [bookApiLast] [restartedMain] o.s.b.w.embedded.tomcat.TomcatWebServer  : Tomcat started on port 8080 (http) with context path '/'
2024-12-06T00:59:01.336+04:00  INFO 33592 --- [bookApiLast] [restartedMain] o.e.b.BookApiLastApplicationKt           : Started BookApiLastApplicationKt in 3.874 seconds (process running for 4.509)
2024-12-06T01:00:45.931+04:00  INFO 33592 --- [bookApiLast] [SpringApplicationShutdownHook] o.s.b.w.e.tomcat.GracefulShutdown        : Commencing graceful shutdown. Waiting for active requests to complete
2024-12-06T01:00:45.939+04:00  INFO 33592 --- [bookApiLast] [tomcat-shutdown] o.s.b.w.e.tomcat.GracefulShutdown        : Graceful shutdown complete
2024-12-06T01:00:45.943+04:00  INFO 33592 --- [bookApiLast] [SpringApplicationShutdownHook] j.LocalContainerEntityManagerFactoryBean : Closing JPA EntityManagerFactory for persistence unit 'default'
2024-12-06T01:00:45.946+04:00  INFO 33592 --- [bookApiLast] [SpringApplicationShutdownHook] com.zaxxer.hikari.HikariDataSource       : HikariPool-1 - Shutdown initiated...
2024-12-06T01:00:45.948+04:00  INFO 33592 --- [bookApiLast] [SpringApplicationShutdownHook] com.zaxxer.hikari.HikariDataSource       : HikariPool-1 - Shutdown completed.
